# JRE version: Java(TM) SE Runtime Environment (10.0.1+10) (build 10.0.1+10)
# Java VM: Java HotSpot(TM) 64-Bit Server VM (10.0.1+10, mixed mode, tiered, compressed oops, g1 gc, windows-amd64)
Heap:
 garbage-first heap   total 183296K, used 91591K [0x0000000084e00000, 0x0000000100000000)
  region size 1024K, 69 young (70656K), 9 survivors (9216K)
 Metaspace       used 58842K, capacity 60078K, committed 60160K, reserved 1101824K
  class space    used 6486K, capacity 6894K, committed 6912K, reserved 1048576K
GC Heap History (10 events):
Event: 4.967 GC heap before
{Heap before GC invocations=6 (full 0):
 garbage-first heap   total 152576K, used 72270K [0x0000000084e00000, 0x0000000100000000)
  region size 1024K, 66 young (67584K), 6 survivors (6144K)
 Metaspace       used 32056K, capacity 32765K, committed 33024K, reserved 1079296K
  class space    used 3759K, capacity 4052K, committed 4096K, reserved 1048576K
}
Event: 4.979 GC heap after
{Heap after GC invocations=7 (full 0):
 garbage-first heap   total 152576K, used 13599K [0x0000000084e00000, 0x0000000100000000)
  region size 1024K, 6 young (6144K), 6 survivors (6144K)
 Metaspace       used 32056K, capacity 32765K, committed 33024K, reserved 1079296K
  class space    used 3759K, capacity 4052K, committed 4096K, reserved 1048576K
}
Event: 6.153 GC heap before
{Heap before GC invocations=7 (full 0):
 garbage-first heap   total 152576K, used 44319K [0x0000000084e00000, 0x0000000100000000)
  region size 1024K, 37 young (37888K), 6 survivors (6144K)
 Metaspace       used 34884K, capacity 35710K, committed 35920K, reserved 1081344K
  class space    used 4112K, capacity 4456K, committed 4480K, reserved 1048576K
}
Event: 6.166 GC heap after
{Heap after GC invocations=8 (full 0):
 garbage-first heap   total 152576K, used 16671K [0x0000000084e00000, 0x0000000100000000)
  region size 1024K, 9 young (9216K), 9 survivors (9216K)
 Metaspace       used 34884K, capacity 35710K, committed 35920K, reserved 1081344K
  class space    used 4112K, capacity 4456K, committed 4480K, reserved 1048576K
}
Event: 7.479 GC heap before
{Heap before GC invocations=9 (full 0):
 garbage-first heap   total 152576K, used 83231K [0x0000000084e00000, 0x0000000100000000)
  region size 1024K, 74 young (75776K), 9 survivors (9216K)
 Metaspace       used 39512K, capacity 40451K, committed 40576K, reserved 1085440K
  class space    used 4599K, capacity 4987K, committed 4992K, reserved 1048576K
}
Event: 7.501 GC heap after
{Heap after GC invocations=10 (full 0):
 garbage-first heap   total 152576K, used 22692K [0x0000000084e00000, 0x0000000100000000)
  region size 1024K, 10 young (10240K), 10 survivors (10240K)
 Metaspace       used 39512K, capacity 40451K, committed 40576K, reserved 1085440K
  class space    used 4599K, capacity 4987K, committed 4992K, reserved 1048576K
}
Event: 9.282 GC heap before
{Heap before GC invocations=10 (full 0):
 garbage-first heap   total 152576K, used 89252K [0x0000000084e00000, 0x0000000100000000)
  region size 1024K, 75 young (76800K), 10 survivors (10240K)
 Metaspace       used 42556K, capacity 43618K, committed 43904K, reserved 1087488K
  class space    used 4968K, capacity 5401K, committed 5504K, reserved 1048576K
}
Event: 9.302 GC heap after
{Heap after GC invocations=11 (full 0):
 garbage-first heap   total 183296K, used 27578K [0x0000000084e00000, 0x0000000100000000)
  region size 1024K, 5 young (5120K), 5 survivors (5120K)
 Metaspace       used 42556K, capacity 43618K, committed 43904K, reserved 1087488K
  class space    used 4968K, capacity 5401K, committed 5504K, reserved 1048576K
}
Event: 41.051 GC heap before
{Heap before GC invocations=11 (full 0):
 garbage-first heap   total 183296K, used 104378K [0x0000000084e00000, 0x0000000100000000)
  region size 1024K, 80 young (81920K), 5 survivors (5120K)
 Metaspace       used 47686K, capacity 48770K, committed 49152K, reserved 1091584K
  class space    used 5600K, capacity 6028K, committed 6144K, reserved 1048576K
}
Event: 41.065 GC heap after
{Heap after GC invocations=12 (full 0):
 garbage-first heap   total 183296K, used 31175K [0x0000000084e00000, 0x0000000100000000)
  region size 1024K, 9 young (9216K), 9 survivors (9216K)
 Metaspace       used 47686K, capacity 48770K, committed 49152K, reserved 1091584K
  class space    used 5600K, capacity 6028K, committed 6144K, reserved 1048576K
}

