# JRE version: Java(TM) SE Runtime Environment (10.0.1+10) (build 10.0.1+10)
# Java VM: Java HotSpot(TM) 64-Bit Server VM (10.0.1+10, mixed mode, tiered, compressed oops, g1 gc, windows-amd64)
Heap:
 garbage-first heap   total 126976K, used 38965K [0x0000000084e00000, 0x0000000100000000)
  region size 1024K, 33 young (33792K), 3 survivors (3072K)
 Metaspace       used 26238K, capacity 26762K, committed 27136K, reserved 1073152K
  class space    used 3074K, capacity 3288K, committed 3328K, reserved 1048576K
GC Heap History (8 events):
Event: 0.627 GC heap before
{Heap before GC invocations=0 (full 0):
 garbage-first heap   total 126976K, used 15360K [0x0000000084e00000, 0x0000000100000000)
  region size 1024K, 14 young (14336K), 0 survivors (0K)
 Metaspace       used 8990K, capacity 9228K, committed 9472K, reserved 1058816K
  class space    used 900K, capacity 953K, committed 1024K, reserved 1048576K
}
Event: 0.633 GC heap after
{Heap after GC invocations=1 (full 0):
 garbage-first heap   total 126976K, used 6353K [0x0000000084e00000, 0x0000000100000000)
  region size 1024K, 2 young (2048K), 2 survivors (2048K)
 Metaspace       used 8990K, capacity 9228K, committed 9472K, reserved 1058816K
  class space    used 900K, capacity 953K, committed 1024K, reserved 1048576K
}
Event: 0.937 GC heap before
{Heap before GC invocations=1 (full 0):
 garbage-first heap   total 126976K, used 12497K [0x0000000084e00000, 0x0000000100000000)
  region size 1024K, 9 young (9216K), 2 survivors (2048K)
 Metaspace       used 11331K, capacity 11603K, committed 11904K, reserved 1060864K
  class space    used 1203K, capacity 1303K, committed 1408K, reserved 1048576K
}
Event: 0.943 GC heap after
{Heap after GC invocations=2 (full 0):
 garbage-first heap   total 126976K, used 7124K [0x0000000084e00000, 0x0000000100000000)
  region size 1024K, 1 young (1024K), 1 survivors (1024K)
 Metaspace       used 11331K, capacity 11603K, committed 11904K, reserved 1060864K
  class space    used 1203K, capacity 1303K, committed 1408K, reserved 1048576K
}
Event: 1.420 GC heap before
{Heap before GC invocations=2 (full 0):
 garbage-first heap   total 126976K, used 30676K [0x0000000084e00000, 0x0000000100000000)
  region size 1024K, 24 young (24576K), 1 survivors (1024K)
 Metaspace       used 16577K, capacity 16944K, committed 17280K, reserved 1064960K
  class space    used 1940K, capacity 2115K, committed 2176K, reserved 1048576K
}
Event: 1.424 GC heap after
{Heap after GC invocations=3 (full 0):
 garbage-first heap   total 126976K, used 8475K [0x0000000084e00000, 0x0000000100000000)
  region size 1024K, 2 young (2048K), 2 survivors (2048K)
 Metaspace       used 16577K, capacity 16944K, committed 17280K, reserved 1064960K
  class space    used 1940K, capacity 2115K, committed 2176K, reserved 1048576K
}
Event: 1.840 GC heap before
{Heap before GC invocations=3 (full 0):
 garbage-first heap   total 126976K, used 27931K [0x0000000084e00000, 0x0000000100000000)
  region size 1024K, 22 young (22528K), 2 survivors (2048K)
 Metaspace       used 20540K, capacity 20975K, committed 21296K, reserved 1069056K
  class space    used 2404K, capacity 2570K, committed 2688K, reserved 1048576K
}
Event: 1.846 GC heap after
{Heap after GC invocations=4 (full 0):
 garbage-first heap   total 126976K, used 9269K [0x0000000084e00000, 0x0000000100000000)
  region size 1024K, 3 young (3072K), 3 survivors (3072K)
 Metaspace       used 20540K, capacity 20975K, committed 21296K, reserved 1069056K
  class space    used 2404K, capacity 2570K, committed 2688K, reserved 1048576K
}

