# JRE version: Java(TM) SE Runtime Environment (10.0.1+10) (build 10.0.1+10)
# Java VM: Java HotSpot(TM) 64-Bit Server VM (10.0.1+10, mixed mode, tiered, compressed oops, g1 gc, windows-amd64)
Heap:
 garbage-first heap   total 183296K, used 35272K [0x0000000084e00000, 0x0000000100000000)
  region size 1024K, 13 young (13312K), 8 survivors (8192K)
 Metaspace       used 47004K, capacity 48096K, committed 48256K, reserved 1091584K
  class space    used 5523K, capacity 5953K, committed 6016K, reserved 1048576K
GC Heap History (10 events):
Event: 5.238 GC heap before
{Heap before GC invocations=6 (full 0):
 garbage-first heap   total 152576K, used 84990K [0x0000000084e00000, 0x0000000100000000)
  region size 1024K, 78 young (79872K), 6 survivors (6144K)
 Metaspace       used 33607K, capacity 34468K, committed 34816K, reserved 1079296K
  class space    used 3969K, capacity 4317K, committed 4352K, reserved 1048576K
}
Event: 5.252 GC heap after
{Heap after GC invocations=7 (full 0):
 garbage-first heap   total 152576K, used 15342K [0x0000000084e00000, 0x0000000100000000)
  region size 1024K, 8 young (8192K), 8 survivors (8192K)
 Metaspace       used 33607K, capacity 34468K, committed 34816K, reserved 1079296K
  class space    used 3969K, capacity 4317K, committed 4352K, reserved 1048576K
}
Event: 5.906 GC heap before
{Heap before GC invocations=7 (full 0):
 garbage-first heap   total 152576K, used 22510K [0x0000000084e00000, 0x0000000100000000)
  region size 1024K, 16 young (16384K), 8 survivors (8192K)
 Metaspace       used 34880K, capacity 35710K, committed 35920K, reserved 1081344K
  class space    used 4118K, capacity 4456K, committed 4480K, reserved 1048576K
}
Event: 5.920 GC heap after
{Heap after GC invocations=8 (full 0):
 garbage-first heap   total 152576K, used 16859K [0x0000000084e00000, 0x0000000100000000)
  region size 1024K, 6 young (6144K), 6 survivors (6144K)
 Metaspace       used 34880K, capacity 35710K, committed 35920K, reserved 1081344K
  class space    used 4118K, capacity 4456K, committed 4480K, reserved 1048576K
}
Event: 7.129 GC heap before
{Heap before GC invocations=9 (full 0):
 garbage-first heap   total 152576K, used 80347K [0x0000000084e00000, 0x0000000100000000)
  region size 1024K, 68 young (69632K), 6 survivors (6144K)
 Metaspace       used 39446K, capacity 40381K, committed 40576K, reserved 1085440K
  class space    used 4594K, capacity 4986K, committed 4992K, reserved 1048576K
}
Event: 7.143 GC heap after
{Heap after GC invocations=10 (full 0):
 garbage-first heap   total 152576K, used 23206K [0x0000000084e00000, 0x0000000100000000)
  region size 1024K, 8 young (8192K), 8 survivors (8192K)
 Metaspace       used 39446K, capacity 40381K, committed 40576K, reserved 1085440K
  class space    used 4594K, capacity 4986K, committed 4992K, reserved 1048576K
}
Event: 8.392 GC heap before
{Heap before GC invocations=10 (full 0):
 garbage-first heap   total 152576K, used 88742K [0x0000000084e00000, 0x0000000100000000)
  region size 1024K, 72 young (73728K), 8 survivors (8192K)
 Metaspace       used 42498K, capacity 43544K, committed 43904K, reserved 1087488K
  class space    used 4960K, capacity 5400K, committed 5504K, reserved 1048576K
}
Event: 8.408 GC heap after
{Heap after GC invocations=11 (full 0):
 garbage-first heap   total 183296K, used 27974K [0x0000000084e00000, 0x0000000100000000)
  region size 1024K, 5 young (5120K), 5 survivors (5120K)
 Metaspace       used 42498K, capacity 43544K, committed 43904K, reserved 1087488K
  class space    used 4960K, capacity 5400K, committed 5504K, reserved 1048576K
}
Event: 59.730 GC heap before
{Heap before GC invocations=11 (full 0):
 garbage-first heap   total 183296K, used 108870K [0x0000000084e00000, 0x0000000100000000)
  region size 1024K, 84 young (86016K), 5 survivors (5120K)
 Metaspace       used 46377K, capacity 47441K, committed 47616K, reserved 1091584K
  class space    used 5454K, capacity 5884K, committed 5888K, reserved 1048576K
}
Event: 59.744 GC heap after
{Heap after GC invocations=12 (full 0):
 garbage-first heap   total 183296K, used 31176K [0x0000000084e00000, 0x0000000100000000)
  region size 1024K, 8 young (8192K), 8 survivors (8192K)
 Metaspace       used 46377K, capacity 47441K, committed 47616K, reserved 1091584K
  class space    used 5454K, capacity 5884K, committed 5888K, reserved 1048576K
}

