# JRE version: Java(TM) SE Runtime Environment (10.0.1+10) (build 10.0.1+10)
# Java VM: Java HotSpot(TM) 64-Bit Server VM (10.0.1+10, mixed mode, tiered, compressed oops, g1 gc, windows-amd64)
Heap:
 garbage-first heap   total 126976K, used 35902K [0x0000000084e00000, 0x0000000100000000)
  region size 1024K, 31 young (31744K), 3 survivors (3072K)
 Metaspace       used 26393K, capacity 26957K, committed 27264K, reserved 1073152K
  class space    used 3083K, capacity 3334K, committed 3456K, reserved 1048576K
GC Heap History (8 events):
Event: 0.607 GC heap before
{Heap before GC invocations=0 (full 0):
 garbage-first heap   total 126976K, used 15360K [0x0000000084e00000, 0x0000000100000000)
  region size 1024K, 14 young (14336K), 0 survivors (0K)
 Metaspace       used 9563K, capacity 9778K, committed 10112K, reserved 1058816K
  class space    used 972K, capacity 1031K, committed 1152K, reserved 1048576K
}
Event: 0.613 GC heap after
{Heap after GC invocations=1 (full 0):
 garbage-first heap   total 126976K, used 5566K [0x0000000084e00000, 0x0000000100000000)
  region size 1024K, 2 young (2048K), 2 survivors (2048K)
 Metaspace       used 9563K, capacity 9778K, committed 10112K, reserved 1058816K
  class space    used 972K, capacity 1031K, committed 1152K, reserved 1048576K
}
Event: 0.702 GC heap before
{Heap before GC invocations=1 (full 0):
 garbage-first heap   total 126976K, used 9662K [0x0000000084e00000, 0x0000000100000000)
  region size 1024K, 6 young (6144K), 2 survivors (2048K)
 Metaspace       used 10571K, capacity 10808K, committed 11008K, reserved 1058816K
  class space    used 1097K, capacity 1165K, committed 1280K, reserved 1048576K
}
Event: 0.706 GC heap after
{Heap after GC invocations=2 (full 0):
 garbage-first heap   total 126976K, used 5951K [0x0000000084e00000, 0x0000000100000000)
  region size 1024K, 1 young (1024K), 1 survivors (1024K)
 Metaspace       used 10571K, capacity 10808K, committed 11008K, reserved 1058816K
  class space    used 1097K, capacity 1165K, committed 1280K, reserved 1048576K
}
Event: 1.468 GC heap before
{Heap before GC invocations=2 (full 0):
 garbage-first heap   total 126976K, used 29503K [0x0000000084e00000, 0x0000000100000000)
  region size 1024K, 24 young (24576K), 1 survivors (1024K)
 Metaspace       used 15263K, capacity 15625K, committed 16000K, reserved 1062912K
  class space    used 1665K, capacity 1825K, committed 1920K, reserved 1048576K
}
Event: 1.471 GC heap after
{Heap after GC invocations=3 (full 0):
 garbage-first heap   total 126976K, used 7010K [0x0000000084e00000, 0x0000000100000000)
  region size 1024K, 2 young (2048K), 2 survivors (2048K)
 Metaspace       used 15263K, capacity 15625K, committed 16000K, reserved 1062912K
  class space    used 1665K, capacity 1825K, committed 1920K, reserved 1048576K
}
Event: 1.955 GC heap before
{Heap before GC invocations=3 (full 0):
 garbage-first heap   total 126976K, used 35682K [0x0000000084e00000, 0x0000000100000000)
  region size 1024K, 31 young (31744K), 2 survivors (2048K)
 Metaspace       used 20561K, capacity 21058K, committed 21296K, reserved 1069056K
  class space    used 2413K, capacity 2641K, committed 2688K, reserved 1048576K
}
Event: 1.961 GC heap after
{Heap after GC invocations=4 (full 0):
 garbage-first heap   total 126976K, used 8254K [0x0000000084e00000, 0x0000000100000000)
  region size 1024K, 3 young (3072K), 3 survivors (3072K)
 Metaspace       used 20561K, capacity 21058K, committed 21296K, reserved 1069056K
  class space    used 2413K, capacity 2641K, committed 2688K, reserved 1048576K
}

