# JRE version: Java(TM) SE Runtime Environment (10.0.1+10) (build 10.0.1+10)
# Java VM: Java HotSpot(TM) 64-Bit Server VM (10.0.1+10, mixed mode, tiered, compressed oops, g1 gc, windows-amd64)
Heap:
 garbage-first heap   total 183296K, used 35950K [0x0000000084e00000, 0x0000000100000000)
  region size 1024K, 13 young (13312K), 10 survivors (10240K)
 Metaspace       used 56116K, capacity 57245K, committed 57424K, reserved 1099776K
  class space    used 6280K, capacity 6724K, committed 6784K, reserved 1048576K
GC Heap History (10 events):
Event: 5.942 GC heap before
{Heap before GC invocations=6 (full 0):
 garbage-first heap   total 126976K, used 66163K [0x0000000084e00000, 0x0000000100000000)
  region size 1024K, 60 young (61440K), 6 survivors (6144K)
 Metaspace       used 31624K, capacity 32367K, committed 32768K, reserved 1077248K
  class space    used 3706K, capacity 4007K, committed 4096K, reserved 1048576K
}
Event: 5.956 GC heap after
{Heap after GC invocations=7 (full 0):
 garbage-first heap   total 152576K, used 13596K [0x0000000084e00000, 0x0000000100000000)
  region size 1024K, 6 young (6144K), 6 survivors (6144K)
 Metaspace       used 31624K, capacity 32367K, committed 32768K, reserved 1077248K
  class space    used 3706K, capacity 4007K, committed 4096K, reserved 1048576K
}
Event: 7.758 GC heap before
{Heap before GC invocations=7 (full 0):
 garbage-first heap   total 152576K, used 50460K [0x0000000084e00000, 0x0000000100000000)
  region size 1024K, 43 young (44032K), 6 survivors (6144K)
 Metaspace       used 34900K, capacity 35712K, committed 35920K, reserved 1081344K
  class space    used 4118K, capacity 4456K, committed 4480K, reserved 1048576K
}
Event: 7.776 GC heap after
{Heap after GC invocations=8 (full 0):
 garbage-first heap   total 152576K, used 16668K [0x0000000084e00000, 0x0000000100000000)
  region size 1024K, 9 young (9216K), 9 survivors (9216K)
 Metaspace       used 34900K, capacity 35712K, committed 35920K, reserved 1081344K
  class space    used 4118K, capacity 4456K, committed 4480K, reserved 1048576K
}
Event: 9.440 GC heap before
{Heap before GC invocations=9 (full 0):
 garbage-first heap   total 152576K, used 96540K [0x0000000084e00000, 0x0000000100000000)
  region size 1024K, 87 young (89088K), 9 survivors (9216K)
 Metaspace       used 40621K, capacity 41606K, committed 41808K, reserved 1085440K
  class space    used 4750K, capacity 5153K, committed 5248K, reserved 1048576K
}
Event: 9.462 GC heap after
{Heap after GC invocations=10 (full 0):
 garbage-first heap   total 152576K, used 24261K [0x0000000084e00000, 0x0000000100000000)
  region size 1024K, 11 young (11264K), 11 survivors (11264K)
 Metaspace       used 40621K, capacity 41606K, committed 41808K, reserved 1085440K
  class space    used 4750K, capacity 5153K, committed 5248K, reserved 1048576K
}
Event: 10.970 GC heap before
{Heap before GC invocations=10 (full 0):
 garbage-first heap   total 152576K, used 103109K [0x0000000084e00000, 0x0000000100000000)
  region size 1024K, 88 young (90112K), 11 survivors (11264K)
 Metaspace       used 44898K, capacity 45933K, committed 46160K, reserved 1089536K
  class space    used 5291K, capacity 5725K, committed 5760K, reserved 1048576K
}
Event: 10.991 GC heap after
{Heap after GC invocations=11 (full 0):
 garbage-first heap   total 152576K, used 29899K [0x0000000084e00000, 0x0000000100000000)
  region size 1024K, 6 young (6144K), 6 survivors (6144K)
 Metaspace       used 44898K, capacity 45933K, committed 46160K, reserved 1089536K
  class space    used 5291K, capacity 5725K, committed 5760K, reserved 1048576K
}
Event: 32.702 GC heap before
{Heap before GC invocations=11 (full 0):
 garbage-first heap   total 152576K, used 107723K [0x0000000084e00000, 0x0000000100000000)
  region size 1024K, 82 young (83968K), 6 survivors (6144K)
 Metaspace       used 55341K, capacity 56477K, committed 56656K, reserved 1099776K
  class space    used 6219K, capacity 6660K, committed 6784K, reserved 1048576K
}
Event: 32.721 GC heap after
{Heap after GC invocations=12 (full 0):
 garbage-first heap   total 183296K, used 33902K [0x0000000084e00000, 0x0000000100000000)
  region size 1024K, 10 young (10240K), 10 survivors (10240K)
 Metaspace       used 55341K, capacity 56477K, committed 56656K, reserved 1099776K
  class space    used 6219K, capacity 6660K, committed 6784K, reserved 1048576K
}

