# JRE version: Java(TM) SE Runtime Environment (10.0.1+10) (build 10.0.1+10)
# Java VM: Java HotSpot(TM) 64-Bit Server VM (10.0.1+10, mixed mode, tiered, compressed oops, g1 gc, windows-amd64)
Heap:
 garbage-first heap   total 152576K, used 32105K [0x0000000084e00000, 0x0000000100000000)
  region size 1024K, 18 young (18432K), 8 survivors (8192K)
 Metaspace       used 40021K, capacity 40961K, committed 41216K, reserved 1085440K
  class space    used 4684K, capacity 5115K, committed 5120K, reserved 1048576K
GC Heap History (10 events):
Event: 1.453 GC heap before
{Heap before GC invocations=2 (full 0):
 garbage-first heap   total 126976K, used 31518K [0x0000000084e00000, 0x0000000100000000)
  region size 1024K, 26 young (26624K), 1 survivors (1024K)
 Metaspace       used 16021K, capacity 16454K, committed 16640K, reserved 1064960K
  class space    used 1819K, capacity 1975K, committed 2048K, reserved 1048576K
}
Event: 1.460 GC heap after
{Heap after GC invocations=3 (full 0):
 garbage-first heap   total 126976K, used 7171K [0x0000000084e00000, 0x0000000100000000)
  region size 1024K, 2 young (2048K), 2 survivors (2048K)
 Metaspace       used 16021K, capacity 16454K, committed 16640K, reserved 1064960K
  class space    used 1819K, capacity 1975K, committed 2048K, reserved 1048576K
}
Event: 1.885 GC heap before
{Heap before GC invocations=3 (full 0):
 garbage-first heap   total 126976K, used 31747K [0x0000000084e00000, 0x0000000100000000)
  region size 1024K, 27 young (27648K), 2 survivors (2048K)
 Metaspace       used 20585K, capacity 21064K, committed 21296K, reserved 1069056K
  class space    used 2419K, capacity 2643K, committed 2688K, reserved 1048576K
}
Event: 1.889 GC heap after
{Heap after GC invocations=4 (full 0):
 garbage-first heap   total 126976K, used 8333K [0x0000000084e00000, 0x0000000100000000)
  region size 1024K, 3 young (3072K), 3 survivors (3072K)
 Metaspace       used 20585K, capacity 21064K, committed 21296K, reserved 1069056K
  class space    used 2419K, capacity 2643K, committed 2688K, reserved 1048576K
}
Event: 3.459 GC heap before
{Heap before GC invocations=5 (full 0):
 garbage-first heap   total 126976K, used 66701K [0x0000000084e00000, 0x0000000100000000)
  region size 1024K, 60 young (61440K), 3 survivors (3072K)
 Metaspace       used 28322K, capacity 29046K, committed 29312K, reserved 1075200K
  class space    used 3315K, capacity 3614K, committed 3712K, reserved 1048576K
}
Event: 3.469 GC heap after
{Heap after GC invocations=6 (full 0):
 garbage-first heap   total 152576K, used 11288K [0x0000000084e00000, 0x0000000100000000)
  region size 1024K, 6 young (6144K), 6 survivors (6144K)
 Metaspace       used 28322K, capacity 29046K, committed 29312K, reserved 1075200K
  class space    used 3315K, capacity 3614K, committed 3712K, reserved 1048576K
}
Event: 5.237 GC heap before
{Heap before GC invocations=6 (full 0):
 garbage-first heap   total 152576K, used 82968K [0x0000000084e00000, 0x0000000100000000)
  region size 1024K, 76 young (77824K), 6 survivors (6144K)
 Metaspace       used 33603K, capacity 34470K, committed 34816K, reserved 1079296K
  class space    used 3962K, capacity 4317K, committed 4352K, reserved 1048576K
}
Event: 5.251 GC heap after
{Heap after GC invocations=7 (full 0):
 garbage-first heap   total 152576K, used 15209K [0x0000000084e00000, 0x0000000100000000)
  region size 1024K, 8 young (8192K), 8 survivors (8192K)
 Metaspace       used 33603K, capacity 34470K, committed 34816K, reserved 1079296K
  class space    used 3962K, capacity 4317K, committed 4352K, reserved 1048576K
}
Event: 5.911 GC heap before
{Heap before GC invocations=7 (full 0):
 garbage-first heap   total 152576K, used 22377K [0x0000000084e00000, 0x0000000100000000)
  region size 1024K, 16 young (16384K), 8 survivors (8192K)
 Metaspace       used 34874K, capacity 35712K, committed 35920K, reserved 1081344K
  class space    used 4110K, capacity 4456K, committed 4480K, reserved 1048576K
}
Event: 5.924 GC heap after
{Heap after GC invocations=8 (full 0):
 garbage-first heap   total 152576K, used 17613K [0x0000000084e00000, 0x0000000100000000)
  region size 1024K, 7 young (7168K), 7 survivors (7168K)
 Metaspace       used 34874K, capacity 35712K, committed 35920K, reserved 1081344K
  class space    used 4110K, capacity 4456K, committed 4480K, reserved 1048576K
}

